\BOOKMARK [1][-]{section.1}{\376\377\000E\000x\000e\000c\000u\000t\000i\000v\000e\000\040\000S\000u\000m\000m\000a\000r\000y}{}% 1
\BOOKMARK [1][-]{section.2}{\376\377\000P\000r\000o\000b\000l\000e\000m\000\040\000S\000t\000a\000t\000e\000m\000e\000n\000t}{}% 2
\BOOKMARK [1][-]{section.3}{\376\377\000P\000r\000o\000p\000o\000s\000e\000d\000\040\000S\000o\000l\000u\000t\000i\000o\000n}{}% 3
\BOOKMARK [2][-]{subsection.3.1}{\376\377\000B\000e\000n\000e\000f\000i\000t\000s\000\040\000o\000f\000\040\000S\000o\000l\000u\000t\000i\000o\000n}{section.3}% 4
\BOOKMARK [2][-]{subsection.3.2}{\376\377\000H\000o\000w\000\040\000I\000t\000\040\000W\000o\000r\000k\000s}{section.3}% 5
\BOOKMARK [1][-]{section.4}{\376\377\000I\000m\000p\000l\000e\000m\000e\000n\000t\000a\000t\000i\000o\000n\000\040\000P\000l\000a\000n}{}% 6
\BOOKMARK [1][-]{section.5}{\376\377\000D\000i\000a\000g\000r\000a\000m\000s}{}% 7
\BOOKMARK [2][-]{subsection.5.1}{\376\377\000D\000a\000t\000a\000b\000a\000s\000e\000\040\000D\000i\000a\000g\000r\000a\000m\000s}{section.5}% 8
\BOOKMARK [2][-]{subsection.5.2}{\376\377\000A\000c\000t\000i\000v\000i\000t\000y\000\040\000D\000i\000a\000g\000r\000a\000m\000s}{section.5}% 9
\BOOKMARK [1][-]{section.6}{\376\377\000R\000e\000q\000u\000i\000r\000e\000m\000e\000n\000t\000s}{}% 10
\BOOKMARK [2][-]{subsection.6.1}{\376\377\000A\000I\000/\000M\000L\000\040\000I\000n\000t\000e\000g\000r\000a\000t\000i\000o\000n\000:}{section.6}% 11
\BOOKMARK [2][-]{subsection.6.2}{\376\377\000T\000e\000c\000h\000n\000o\000l\000o\000g\000y}{section.6}% 12
\BOOKMARK [2][-]{subsection.6.3}{\376\377\000B\000u\000d\000g\000e\000t\000\040\000E\000s\000t\000i\000m\000a\000t\000i\000o\000n}{section.6}% 13
\BOOKMARK [2][-]{subsection.6.4}{\376\377\000F\000u\000t\000u\000r\000e\000\040\000A\000I\000/\000M\000L\000\040\000I\000m\000p\000r\000o\000v\000e\000m\000e\000n\000t}{section.6}% 14
\BOOKMARK [1][-]{section.7}{\376\377\000D\000a\000t\000a\000\040\000R\000e\000q\000u\000i\000r\000e\000m\000e\000n\000t\000s}{}% 15
\BOOKMARK [1][-]{section.8}{\376\377\000T\000i\000m\000e\000l\000i\000n\000e}{}% 16
\BOOKMARK [1][-]{section.9}{\376\377\000P\000r\000o\000o\000f\000\040\000o\000f\000\040\000C\000o\000n\000c\000e\000p\000t\000\040\000\050\000P\000O\000C\000\051}{}% 17
\BOOKMARK [1][-]{section.10}{\376\377\000S\000a\000m\000p\000l\000e\000\040\000T\000e\000m\000p\000l\000a\000t\000e\000s\000\040\000\050\000T\000w\000o\000\051}{}% 18
\BOOKMARK [2][-]{subsection.10.1}{\376\377\000T\000e\000m\000p\000l\000a\000t\000e\000\040\0001\000:\000\040\000C\000u\000s\000t\000o\000m\000e\000r\000\040\000C\000l\000u\000s\000t\000e\000r\000i\000n\000g\000\040\000S\000u\000m\000m\000a\000r\000y}{section.10}% 19
\BOOKMARK [2][-]{subsection.10.2}{\376\377\000T\000e\000m\000p\000l\000a\000t\000e\000\040\0002\000:\000\040\000V\000e\000h\000i\000c\000l\000e\000\040\000R\000o\000u\000t\000i\000n\000g\000\040\000P\000r\000o\000b\000l\000e\000m\000\050\000V\000R\000P\000\051\000\040\000S\000u\000m\000m\000a\000r\000y}{section.10}% 20
\BOOKMARK [1][-]{section.11}{\376\377\000A\000l\000g\000o\000r\000i\000t\000h\000m\000s}{}% 21
\BOOKMARK [1][-]{section.12}{\376\377\000T\000e\000c\000h\000n\000o\000l\000o\000g\000i\000e\000s}{}% 22
\BOOKMARK [1][-]{section.13}{\376\377\000S\000y\000s\000t\000e\000m\000\040\000I\000n\000t\000e\000g\000r\000a\000t\000i\000o\000n}{}% 23
\BOOKMARK [2][-]{subsection.13.1}{\376\377\000A\000P\000I\000\040\000I\000n\000t\000e\000g\000r\000a\000t\000i\000o\000n\000\040\000A\000p\000p\000r\000o\000a\000c\000h}{section.13}% 24
\BOOKMARK [1][-]{section.14}{\376\377\000S\000t\000r\000a\000t\000e\000g\000y}{}% 25
\BOOKMARK [1][-]{section.15}{\376\377\000P\000o\000t\000e\000n\000t\000i\000a\000l\000\040\000R\000i\000s\000k\000s\000\040\000a\000n\000d\000\040\000M\000i\000t\000i\000g\000a\000t\000i\000o\000n}{}% 26
\BOOKMARK [1][-]{section.16}{\376\377\000F\000u\000t\000u\000r\000e\000\040\000P\000l\000a\000n}{}% 27
\BOOKMARK [1][-]{section.17}{\376\377\000C\000o\000n\000c\000l\000u\000s\000i\000o\000n}{}% 28
